<?xml version="1.0" encoding="UTF-8"?>
<!-- Generated by org.testng.reporters.JUnitReportReporter -->
<testsuite hostname="PragManilas-MacBook.local" name="com.angloinfo.testcases.TestSuiteA" tests="5" failures="0" timestamp="24 Mar 2016 16:50:44 GMT" time="96.068" errors="1">
  <testcase name="testLocationSwitcher" time="14.317" classname="com.angloinfo.testcases.TestSuiteA"/>
  <testcase name="testRegisterUserViaApi" time="5.120" classname="com.angloinfo.testcases.TestSuiteA"/>
  <testcase name="testLowerFooterLinks" time="30.738" classname="com.angloinfo.testcases.TestSuiteA">
    <error type="com.gargoylesoftware.htmlunit.FailingHttpStatusCodeException" message="404 Not Found for https://stgcms.angloinfo.com//sponsor/?append_id=sponsor-box-widget">
      <![CDATA[com.gargoylesoftware.htmlunit.FailingHttpStatusCodeException: 404 Not Found for https://stgcms.angloinfo.com//sponsor/?append_id=sponsor-box-widget
	at com.gargoylesoftware.htmlunit.WebClient.throwFailingHttpStatusCodeExceptionIfNecessary(WebClient.java:535)
	at com.gargoylesoftware.htmlunit.html.HtmlPage.loadJavaScriptFromUrl(HtmlPage.java:1076)
	at com.gargoylesoftware.htmlunit.html.HtmlPage.loadExternalJavaScriptFile(HtmlPage.java:1009)
	at com.gargoylesoftware.htmlunit.html.HtmlScript.executeScriptIfNeeded(HtmlScript.java:395)
	at com.gargoylesoftware.htmlunit.html.HtmlScript$3.execute(HtmlScript.java:270)
	at com.gargoylesoftware.htmlunit.html.HtmlScript.onAllChildrenAddedToPage(HtmlScript.java:290)
	at com.gargoylesoftware.htmlunit.html.HTMLParser$HtmlUnitDOMBuilder.endElement(HTMLParser.java:800)
	at org.apache.xerces.parsers.AbstractSAXParser.endElement(Unknown Source)
	at com.gargoylesoftware.htmlunit.html.HTMLParser$HtmlUnitDOMBuilder.endElement(HTMLParser.java:757)
	at org.cyberneko.html.HTMLTagBalancer.callEndElement(HTMLTagBalancer.java:1170)
	at org.cyberneko.html.HTMLTagBalancer.endElement(HTMLTagBalancer.java:1072)
	at org.cyberneko.html.filters.DefaultFilter.endElement(DefaultFilter.java:206)
	at org.cyberneko.html.filters.NamespaceBinder.endElement(NamespaceBinder.java:330)
	at org.cyberneko.html.HTMLScanner$ContentScanner.scanEndElement(HTMLScanner.java:3126)
	at org.cyberneko.html.HTMLScanner$ContentScanner.scan(HTMLScanner.java:2093)
	at org.cyberneko.html.HTMLScanner.scanDocument(HTMLScanner.java:920)
	at org.cyberneko.html.HTMLConfiguration.parse(HTMLConfiguration.java:499)
	at org.cyberneko.html.HTMLConfiguration.parse(HTMLConfiguration.java:452)
	at org.apache.xerces.parsers.XMLParser.parse(Unknown Source)
	at com.gargoylesoftware.htmlunit.html.HTMLParser$HtmlUnitDOMBuilder.parse(HTMLParser.java:1040)
	at com.gargoylesoftware.htmlunit.html.HTMLParser.parse(HTMLParser.java:253)
	at com.gargoylesoftware.htmlunit.html.HTMLParser.parseHtml(HTMLParser.java:199)
	at com.gargoylesoftware.htmlunit.DefaultPageCreator.createHtmlPage(DefaultPageCreator.java:272)
	at com.gargoylesoftware.htmlunit.DefaultPageCreator.createPage(DefaultPageCreator.java:160)
	at com.gargoylesoftware.htmlunit.WebClient.loadWebResponseInto(WebClient.java:476)
	at com.gargoylesoftware.htmlunit.WebClient.getPage(WebClient.java:350)
	at com.gargoylesoftware.htmlunit.WebClient.getPage(WebClient.java:415)
	at com.gargoylesoftware.htmlunit.WebClient.getPage(WebClient.java:400)
	at com.angloinfo.tools.HtmlUnitTools.getResponseCode(HtmlUnitTools.java:12)
	at com.angloinfo.testcases.TestSuiteA.testLowerFooterLinks(TestSuiteA.java:139)
	at sun.reflect.NativeMethodAccessorImpl.invoke0(Native Method)
	at sun.reflect.NativeMethodAccessorImpl.invoke(NativeMethodAccessorImpl.java:62)
	at sun.reflect.DelegatingMethodAccessorImpl.invoke(DelegatingMethodAccessorImpl.java:43)
	at java.lang.reflect.Method.invoke(Method.java:497)
	at org.testng.internal.MethodInvocationHelper.invokeMethod(MethodInvocationHelper.java:86)
	at org.testng.internal.Invoker.invokeMethod(Invoker.java:645)
	at org.testng.internal.Invoker.invokeTestMethod(Invoker.java:822)
	at org.testng.internal.Invoker.invokeTestMethods(Invoker.java:1130)
	at org.testng.internal.TestMethodWorker.invokeTestMethods(TestMethodWorker.java:129)
	at org.testng.internal.TestMethodWorker.run(TestMethodWorker.java:112)
	at org.testng.TestRunner.privateRun(TestRunner.java:782)
	at org.testng.TestRunner.run(TestRunner.java:632)
	at org.testng.SuiteRunner.runTest(SuiteRunner.java:366)
	at org.testng.SuiteRunner.runSequentially(SuiteRunner.java:361)
	at org.testng.SuiteRunner.privateRun(SuiteRunner.java:319)
	at org.testng.SuiteRunner.run(SuiteRunner.java:268)
	at org.testng.SuiteRunnerWorker.runSuite(SuiteRunnerWorker.java:52)
	at org.testng.SuiteRunnerWorker.run(SuiteRunnerWorker.java:86)
	at org.testng.TestNG.runSuitesSequentially(TestNG.java:1244)
	at org.testng.TestNG.runSuitesLocally(TestNG.java:1169)
	at org.testng.TestNG.run(TestNG.java:1064)
	at org.testng.remote.RemoteTestNG.run(RemoteTestNG.java:113)
	at org.testng.remote.RemoteTestNG.initAndRun(RemoteTestNG.java:206)
	at org.testng.remote.RemoteTestNG.main(RemoteTestNG.java:177)
]]>
    </error>
  </testcase> <!-- testLowerFooterLinks -->
  <testcase name="testAddingDirectoryViaCMS" time="26.966" classname="com.angloinfo.testcases.TestSuiteA"/>
  <testcase name="testSignInViaEmail" time="18.927" classname="com.angloinfo.testcases.TestSuiteA"/>
</testsuite> <!-- com.angloinfo.testcases.TestSuiteA -->
