<html>
<head>
<title>TestNG:  Regression1</title>
<link href="../testng.css" rel="stylesheet" type="text/css" />
<link href="../my-testng.css" rel="stylesheet" type="text/css" />

<style type="text/css">
.log { display: none;} 
.stack-trace { display: none;} 
</style>
<script type="text/javascript">
<!--
function flip(e) {
  current = e.style.display;
  if (current == 'block') {
    e.style.display = 'none';
    return 0;
  }
  else {
    e.style.display = 'block';
    return 1;
  }
}

function toggleBox(szDivId, elem, msg1, msg2)
{
  var res = -1;  if (document.getElementById) {
    res = flip(document.getElementById(szDivId));
  }
  else if (document.all) {
    // this is the way old msie versions work
    res = flip(document.all[szDivId]);
  }
  if(elem) {
    if(res == 0) elem.innerHTML = msg1; else elem.innerHTML = msg2;
  }

}

function toggleAllBoxes() {
  if (document.getElementsByTagName) {
    d = document.getElementsByTagName('div');
    for (i = 0; i < d.length; i++) {
      if (d[i].className == 'log') {
        flip(d[i]);
      }
    }
  }
}

// -->
</script>

</head>
<body>
<h2 align='center'>Regression1</h2><table border='1' align="center">
<tr>
<td>Tests passed/Failed/Skipped:</td><td>5/1/0</td>
</tr><tr>
<td>Started on:</td><td>Fri Apr 01 14:35:20 PHT 2016</td>
</tr>
<tr><td>Total time:</td><td>260 seconds (260289 ms)</td>
</tr><tr>
<td>Included groups:</td><td></td>
</tr><tr>
<td>Excluded groups:</td><td></td>
</tr>
</table><p/>
<small><i>(Hover the method name to see the test class name)</i></small><p/>
<table width='100%' border='1' class='invocation-failed'>
<tr><td colspan='4' align='center'><b>FAILED TESTS</b></td></tr>
<tr><td><b>Test method</b></td>
<td width="30%"><b>Exception</b></td>
<td width="10%"><b>Time (seconds)</b></td>
<td><b>Instance</b></td>
</tr>
<tr>
<td title='com.angloinfo.testsuites.TestSuiteA.testLowerFooterLinks()'><b>testLowerFooterLinks</b><br>Test class: com.angloinfo.testsuites.TestSuiteA</td>
<td><div><pre>org.openqa.selenium.NoSuchElementException: Unable to locate element: {&quot;method&quot;:&quot;xpath&quot;,&quot;selector&quot;:&quot;//div[@id=&apos;footer-bottom&apos;]/div/div/a[2]&quot;}
Command duration or timeout: 4.07 seconds
For documentation on this error, please visit: http://seleniumhq.org/exceptions/no_such_element.html
Build info: version: &apos;2.52.0&apos;, revision: &apos;4c2593c&apos;, time: &apos;2016-02-11 19:03:33&apos;
System info: host: &apos;PragManilas-MacBook.local&apos;, ip: &apos;192.168.1.8&apos;, os.name: &apos;Mac OS X&apos;, os.arch: &apos;x86_64&apos;, os.version: &apos;10.10&apos;, java.version: &apos;1.8.0_71&apos;
Driver info: org.openqa.selenium.firefox.FirefoxDriver
Capabilities [{applicationCacheEnabled=true, rotatable=false, handlesAlerts=true, databaseEnabled=true, version=45.0.1, platform=MAC, nativeEvents=false, acceptSslCerts=true, webStorageEnabled=true, locationContextEnabled=true, browserName=firefox, takesScreenshot=true, javascriptEnabled=true, cssSelectorsEnabled=true}]
Session ID: 19b92928-b956-644b-8210-f3a1b096e423
*** Element info: {Using=xpath, value=//div[@id=&apos;footer-bottom&apos;]/div/div/a[2]}
	at org.openqa.selenium.remote.ErrorHandler.createThrowable(ErrorHandler.java:206)
	at org.openqa.selenium.remote.ErrorHandler.throwIfResponseFailed(ErrorHandler.java:158)
	at org.openqa.selenium.remote.RemoteWebDriver.execute(RemoteWebDriver.java:678)
	at org.openqa.selenium.remote.RemoteWebDriver.findElement(RemoteWebDriver.java:363)
	at org.openqa.selenium.remote.RemoteWebDriver.findElementByXPath(RemoteWebDriver.java:500)
	at org.openqa.selenium.By$ByXPath.findElement(By.java:361)
	at org.openqa.selenium.remote.RemoteWebDriver.findElement(RemoteWebDriver.java:355)
	at com.angloinfo.pageobjects.FELowerFooterSection.clickTermsOfUserLink(FELowerFooterSection.java:19)
	at com.angloinfo.testsuites.TestSuiteA.testLowerFooterLinks(TestSuiteA.java:152)
Caused by: org.openqa.selenium.NoSuchElementException: Unable to locate element: {&quot;method&quot;:&quot;xpath&quot;,&quot;selector&quot;:&quot;//div[@id=&apos;footer-bottom&apos;]/div/div/a[2]&quot;}
For documentation on this error, please visit: http://seleniumhq.org/exceptions/no_such_element.html
Build info: version: &apos;2.52.0&apos;, revision: &apos;4c2593c&apos;, time: &apos;2016-02-11 19:03:33&apos;
System info: host: &apos;PragManilas-MacBook.local&apos;, ip: &apos;192.168.1.8&apos;, os.name: &apos;Mac OS X&apos;, os.arch: &apos;x86_64&apos;, os.version: &apos;10.10&apos;, java.version: &apos;1.8.0_71&apos;
Driver info: driver.version: unknown
	at &lt;anonymous class&gt;.FirefoxDriver.prototype.findElementInternal_(file:///var/folders/4f/6wbw2fxn1f76by0sq6zjrs3c0000gp/T/anonymous4549582657986847351webdriver-profile/extensions/fxdriver@googlecode.com/components/driver-component.js:10723)
	at &lt;anonymous class&gt;.FirefoxDriver.prototype.findElement(file:///var/folders/4f/6wbw2fxn1f76by0sq6zjrs3c0000gp/T/anonymous4549582657986847351webdriver-profile/extensions/fxdriver@googlecode.com/components/driver-component.js:10732)
	at &lt;anonymous class&gt;.DelayedCommand.prototype.executeInternal_/h(file:///var/folders/4f/6wbw2fxn1f76by0sq6zjrs3c0000gp/T/anonymous4549582657986847351webdriver-profile/extensions/fxdriver@googlecode.com/components/command-processor.js:12614)
	at &lt;anonymous class&gt;.DelayedCommand.prototype.executeInternal_(file:///var/folders/4f/6wbw2fxn1f76by0sq6zjrs3c0000gp/T/anonymous4549582657986847351webdriver-profile/extensions/fxdriver@googlecode.com/components/command-processor.js:12619)
	at &lt;anonymous class&gt;.DelayedCommand.prototype.execute/&lt;(file:///var/folders/4f/6wbw2fxn1f76by0sq6zjrs3c0000gp/T/anonymous4549582657986847351webdriver-profile/extensions/fxdriver@googlecode.com/components/command-processor.js:12561)
... Removed 28 stack frames</pre></div><a href='#' onClick='toggleBox("stack-trace2008666311", this, "Click to show all stack frames", "Click to hide stack frames")'>Click to show all stack frames</a>
<div class='stack-trace' id='stack-trace2008666311'><pre>org.openqa.selenium.NoSuchElementException: Unable to locate element: {&quot;method&quot;:&quot;xpath&quot;,&quot;selector&quot;:&quot;//div[@id=&apos;footer-bottom&apos;]/div/div/a[2]&quot;}
Command duration or timeout: 4.07 seconds
For documentation on this error, please visit: http://seleniumhq.org/exceptions/no_such_element.html
Build info: version: &apos;2.52.0&apos;, revision: &apos;4c2593c&apos;, time: &apos;2016-02-11 19:03:33&apos;
System info: host: &apos;PragManilas-MacBook.local&apos;, ip: &apos;192.168.1.8&apos;, os.name: &apos;Mac OS X&apos;, os.arch: &apos;x86_64&apos;, os.version: &apos;10.10&apos;, java.version: &apos;1.8.0_71&apos;
Driver info: org.openqa.selenium.firefox.FirefoxDriver
Capabilities [{applicationCacheEnabled=true, rotatable=false, handlesAlerts=true, databaseEnabled=true, version=45.0.1, platform=MAC, nativeEvents=false, acceptSslCerts=true, webStorageEnabled=true, locationContextEnabled=true, browserName=firefox, takesScreenshot=true, javascriptEnabled=true, cssSelectorsEnabled=true}]
Session ID: 19b92928-b956-644b-8210-f3a1b096e423
*** Element info: {Using=xpath, value=//div[@id=&apos;footer-bottom&apos;]/div/div/a[2]}
	at sun.reflect.NativeConstructorAccessorImpl.newInstance0(Native Method)
	at sun.reflect.NativeConstructorAccessorImpl.newInstance(NativeConstructorAccessorImpl.java:62)
	at sun.reflect.DelegatingConstructorAccessorImpl.newInstance(DelegatingConstructorAccessorImpl.java:45)
	at java.lang.reflect.Constructor.newInstance(Constructor.java:422)
	at org.openqa.selenium.remote.ErrorHandler.createThrowable(ErrorHandler.java:206)
	at org.openqa.selenium.remote.ErrorHandler.throwIfResponseFailed(ErrorHandler.java:158)
	at org.openqa.selenium.remote.RemoteWebDriver.execute(RemoteWebDriver.java:678)
	at org.openqa.selenium.remote.RemoteWebDriver.findElement(RemoteWebDriver.java:363)
	at org.openqa.selenium.remote.RemoteWebDriver.findElementByXPath(RemoteWebDriver.java:500)
	at org.openqa.selenium.By$ByXPath.findElement(By.java:361)
	at org.openqa.selenium.remote.RemoteWebDriver.findElement(RemoteWebDriver.java:355)
	at com.angloinfo.pageobjects.FELowerFooterSection.clickTermsOfUserLink(FELowerFooterSection.java:19)
	at com.angloinfo.testsuites.TestSuiteA.testLowerFooterLinks(TestSuiteA.java:152)
	at sun.reflect.NativeMethodAccessorImpl.invoke0(Native Method)
	at sun.reflect.NativeMethodAccessorImpl.invoke(NativeMethodAccessorImpl.java:62)
	at sun.reflect.DelegatingMethodAccessorImpl.invoke(DelegatingMethodAccessorImpl.java:43)
	at java.lang.reflect.Method.invoke(Method.java:497)
	at org.testng.internal.MethodInvocationHelper.invokeMethod(MethodInvocationHelper.java:86)
	at org.testng.internal.Invoker.invokeMethod(Invoker.java:645)
	at org.testng.internal.Invoker.invokeTestMethod(Invoker.java:822)
	at org.testng.internal.Invoker.invokeTestMethods(Invoker.java:1130)
	at org.testng.internal.TestMethodWorker.invokeTestMethods(TestMethodWorker.java:129)
	at org.testng.internal.TestMethodWorker.run(TestMethodWorker.java:112)
	at org.testng.TestRunner.privateRun(TestRunner.java:782)
	at org.testng.TestRunner.run(TestRunner.java:632)
	at org.testng.SuiteRunner.runTest(SuiteRunner.java:366)
	at org.testng.SuiteRunner.runSequentially(SuiteRunner.java:361)
	at org.testng.SuiteRunner.privateRun(SuiteRunner.java:319)
	at org.testng.SuiteRunner.run(SuiteRunner.java:268)
	at org.testng.SuiteRunnerWorker.runSuite(SuiteRunnerWorker.java:52)
	at org.testng.SuiteRunnerWorker.run(SuiteRunnerWorker.java:86)
	at org.testng.TestNG.runSuitesSequentially(TestNG.java:1244)
	at org.testng.TestNG.runSuitesLocally(TestNG.java:1169)
	at org.testng.TestNG.run(TestNG.java:1064)
	at org.testng.remote.RemoteTestNG.run(RemoteTestNG.java:113)
	at org.testng.remote.RemoteTestNG.initAndRun(RemoteTestNG.java:206)
	at org.testng.remote.RemoteTestNG.main(RemoteTestNG.java:177)
Caused by: org.openqa.selenium.NoSuchElementException: Unable to locate element: {&quot;method&quot;:&quot;xpath&quot;,&quot;selector&quot;:&quot;//div[@id=&apos;footer-bottom&apos;]/div/div/a[2]&quot;}
For documentation on this error, please visit: http://seleniumhq.org/exceptions/no_such_element.html
Build info: version: &apos;2.52.0&apos;, revision: &apos;4c2593c&apos;, time: &apos;2016-02-11 19:03:33&apos;
System info: host: &apos;PragManilas-MacBook.local&apos;, ip: &apos;192.168.1.8&apos;, os.name: &apos;Mac OS X&apos;, os.arch: &apos;x86_64&apos;, os.version: &apos;10.10&apos;, java.version: &apos;1.8.0_71&apos;
Driver info: driver.version: unknown
	at &lt;anonymous class&gt;.FirefoxDriver.prototype.findElementInternal_(file:///var/folders/4f/6wbw2fxn1f76by0sq6zjrs3c0000gp/T/anonymous4549582657986847351webdriver-profile/extensions/fxdriver@googlecode.com/components/driver-component.js:10723)
	at &lt;anonymous class&gt;.FirefoxDriver.prototype.findElement(file:///var/folders/4f/6wbw2fxn1f76by0sq6zjrs3c0000gp/T/anonymous4549582657986847351webdriver-profile/extensions/fxdriver@googlecode.com/components/driver-component.js:10732)
	at &lt;anonymous class&gt;.DelayedCommand.prototype.executeInternal_/h(file:///var/folders/4f/6wbw2fxn1f76by0sq6zjrs3c0000gp/T/anonymous4549582657986847351webdriver-profile/extensions/fxdriver@googlecode.com/components/command-processor.js:12614)
	at &lt;anonymous class&gt;.DelayedCommand.prototype.executeInternal_(file:///var/folders/4f/6wbw2fxn1f76by0sq6zjrs3c0000gp/T/anonymous4549582657986847351webdriver-profile/extensions/fxdriver@googlecode.com/components/command-processor.js:12619)
	at &lt;anonymous class&gt;.DelayedCommand.prototype.execute/&lt;(file:///var/folders/4f/6wbw2fxn1f76by0sq6zjrs3c0000gp/T/anonymous4549582657986847351webdriver-profile/extensions/fxdriver@googlecode.com/components/command-processor.js:12561)
</pre></div></td>
<td>27</td>
<td>com.angloinfo.testsuites.TestSuiteA@2b80d80f</td></tr>
</table><p>
<table width='100%' border='1' class='invocation-passed'>
<tr><td colspan='4' align='center'><b>PASSED TESTS</b></td></tr>
<tr><td><b>Test method</b></td>
<td width="30%"><b>Exception</b></td>
<td width="10%"><b>Time (seconds)</b></td>
<td><b>Instance</b></td>
</tr>
<tr>
<td title='com.angloinfo.testsuites.TestSuiteA.testAddingDirectoryViaCMS()'><b>testAddingDirectoryViaCMS</b><br>Test class: com.angloinfo.testsuites.TestSuiteA<br>Parameters: com.angloinfo.data.DirectoryListing@3766c667</td>
<td></td>
<td>56</td>
<td>com.angloinfo.testsuites.TestSuiteA@2b80d80f</td></tr>
<tr>
<td title='com.angloinfo.testsuites.TestSuiteA.testLocationSwitcher()'><b>testLocationSwitcher</b><br>Test class: com.angloinfo.testsuites.TestSuiteA</td>
<td></td>
<td>25</td>
<td>com.angloinfo.testsuites.TestSuiteA@2b80d80f</td></tr>
<tr>
<td title='com.angloinfo.testsuites.TestSuiteA.testRegisterUserViaApi()'><b>testRegisterUserViaApi</b><br>Test class: com.angloinfo.testsuites.TestSuiteA<br>Parameters: com.angloinfo.data.Member@6c298dc</td>
<td></td>
<td>7</td>
<td>com.angloinfo.testsuites.TestSuiteA@2b80d80f</td></tr>
<tr>
<td title='com.angloinfo.testsuites.TestSuiteA.testResetPasswordMailRecieved()'><b>testResetPasswordMailRecieved</b><br>Test class: com.angloinfo.testsuites.TestSuiteA</td>
<td></td>
<td>35</td>
<td>com.angloinfo.testsuites.TestSuiteA@2b80d80f</td></tr>
<tr>
<td title='com.angloinfo.testsuites.TestSuiteA.testSignInViaEmail()'><b>testSignInViaEmail</b><br>Test class: com.angloinfo.testsuites.TestSuiteA<br/>
<a href="#Output-2118984327" onClick='toggleBox("Output-2118984327", this, "Show output", "Hide output");'>Show output</a>

<a href="#Output-2118984327" onClick="toggleAllBoxes();">Show all outputs</a>
<div class='log' id="Output-2118984327">
succesfull login<br/>
</div>
</td>
<td></td>
<td>64</td>
<td>com.angloinfo.testsuites.TestSuiteA@2b80d80f</td></tr>
</table><p>
</body>
</html>