<?xml version="1.0" encoding="UTF-8"?>
<!-- Generated by org.testng.reporters.JUnitXMLReporter -->
<testsuite hostname="PragManilas-MacBook.local" name="Regression1" tests="6" failures="1" timestamp="1 Apr 2016 06:39:41 GMT" time="260.289" errors="0">
  <testcase name="testAddingDirectoryViaCMS" time="56.949" classname="com.angloinfo.testsuites.TestSuiteA"/>
  <testcase name="testLocationSwitcher" time="25.457" classname="com.angloinfo.testsuites.TestSuiteA"/>
  <testcase name="testLowerFooterLinks" time="27.329" classname="com.angloinfo.testsuites.TestSuiteA">
    <failure type="org.openqa.selenium.NoSuchElementException" message="Unable to locate element: {&amp;quot;method&amp;quot;:&amp;quot;xpath&amp;quot;,&amp;quot;selector&amp;quot;:&amp;quot;//div[@id=&amp;apos;footer-bottom&amp;apos;]/div/div/a[2]&amp;quot;}
Command duration or timeout: 4.07 seconds
For documentation on this error, please visit: http://seleniumhq.org/exceptions/no_such_element.html
Build info: version: &amp;apos;2.52.0&amp;apos;, revision: &amp;apos;4c2593c&amp;apos;, time: &amp;apos;2016-02-11 19:03:33&amp;apos;
System info: host: &amp;apos;PragManilas-MacBook.local&amp;apos;, ip: &amp;apos;192.168.1.8&amp;apos;, os.name: &amp;apos;Mac OS X&amp;apos;, os.arch: &amp;apos;x86_64&amp;apos;, os.version: &amp;apos;10.10&amp;apos;, java.version: &amp;apos;1.8.0_71&amp;apos;
Driver info: org.openqa.selenium.firefox.FirefoxDriver
Capabilities [{applicationCacheEnabled=true, rotatable=false, handlesAlerts=true, databaseEnabled=true, version=45.0.1, platform=MAC, nativeEvents=false, acceptSslCerts=true, webStorageEnabled=true, locationContextEnabled=true, browserName=firefox, takesScreenshot=true, javascriptEnabled=true, cssSelectorsEnabled=true}]
Session ID: 19b92928-b956-644b-8210-f3a1b096e423
*** Element info: {Using=xpath, value=//div[@id=&amp;apos;footer-bottom&amp;apos;]/div/div/a[2]}">
      <![CDATA[org.openqa.selenium.NoSuchElementException: Unable to locate element: {"method":"xpath","selector":"//div[@id='footer-bottom']/div/div/a[2]"}
Command duration or timeout: 4.07 seconds
For documentation on this error, please visit: http://seleniumhq.org/exceptions/no_such_element.html
Build info: version: '2.52.0', revision: '4c2593c', time: '2016-02-11 19:03:33'
System info: host: 'PragManilas-MacBook.local', ip: '192.168.1.8', os.name: 'Mac OS X', os.arch: 'x86_64', os.version: '10.10', java.version: '1.8.0_71'
Driver info: org.openqa.selenium.firefox.FirefoxDriver
Capabilities [{applicationCacheEnabled=true, rotatable=false, handlesAlerts=true, databaseEnabled=true, version=45.0.1, platform=MAC, nativeEvents=false, acceptSslCerts=true, webStorageEnabled=true, locationContextEnabled=true, browserName=firefox, takesScreenshot=true, javascriptEnabled=true, cssSelectorsEnabled=true}]
Session ID: 19b92928-b956-644b-8210-f3a1b096e423
*** Element info: {Using=xpath, value=//div[@id='footer-bottom']/div/div/a[2]}
	at org.openqa.selenium.remote.ErrorHandler.createThrowable(ErrorHandler.java:206)
	at org.openqa.selenium.remote.ErrorHandler.throwIfResponseFailed(ErrorHandler.java:158)
	at org.openqa.selenium.remote.RemoteWebDriver.execute(RemoteWebDriver.java:678)
	at org.openqa.selenium.remote.RemoteWebDriver.findElement(RemoteWebDriver.java:363)
	at org.openqa.selenium.remote.RemoteWebDriver.findElementByXPath(RemoteWebDriver.java:500)
	at org.openqa.selenium.By$ByXPath.findElement(By.java:361)
	at org.openqa.selenium.remote.RemoteWebDriver.findElement(RemoteWebDriver.java:355)
	at com.angloinfo.pageobjects.FELowerFooterSection.clickTermsOfUserLink(FELowerFooterSection.java:19)
	at com.angloinfo.testsuites.TestSuiteA.testLowerFooterLinks(TestSuiteA.java:152)
Caused by: org.openqa.selenium.NoSuchElementException: Unable to locate element: {"method":"xpath","selector":"//div[@id='footer-bottom']/div/div/a[2]"}
For documentation on this error, please visit: http://seleniumhq.org/exceptions/no_such_element.html
Build info: version: '2.52.0', revision: '4c2593c', time: '2016-02-11 19:03:33'
System info: host: 'PragManilas-MacBook.local', ip: '192.168.1.8', os.name: 'Mac OS X', os.arch: 'x86_64', os.version: '10.10', java.version: '1.8.0_71'
Driver info: driver.version: unknown
	at <anonymous class>.FirefoxDriver.prototype.findElementInternal_(file:///var/folders/4f/6wbw2fxn1f76by0sq6zjrs3c0000gp/T/anonymous4549582657986847351webdriver-profile/extensions/fxdriver@googlecode.com/components/driver-component.js:10723)
	at <anonymous class>.FirefoxDriver.prototype.findElement(file:///var/folders/4f/6wbw2fxn1f76by0sq6zjrs3c0000gp/T/anonymous4549582657986847351webdriver-profile/extensions/fxdriver@googlecode.com/components/driver-component.js:10732)
	at <anonymous class>.DelayedCommand.prototype.executeInternal_/h(file:///var/folders/4f/6wbw2fxn1f76by0sq6zjrs3c0000gp/T/anonymous4549582657986847351webdriver-profile/extensions/fxdriver@googlecode.com/components/command-processor.js:12614)
	at <anonymous class>.DelayedCommand.prototype.executeInternal_(file:///var/folders/4f/6wbw2fxn1f76by0sq6zjrs3c0000gp/T/anonymous4549582657986847351webdriver-profile/extensions/fxdriver@googlecode.com/components/command-processor.js:12619)
	at <anonymous class>.DelayedCommand.prototype.execute/<(file:///var/folders/4f/6wbw2fxn1f76by0sq6zjrs3c0000gp/T/anonymous4549582657986847351webdriver-profile/extensions/fxdriver@googlecode.com/components/command-processor.js:12561)
... Removed 28 stack frames]]>
    </failure>
  </testcase> <!-- testLowerFooterLinks -->
  <testcase name="testRegisterUserViaApi" time="7.406" classname="com.angloinfo.testsuites.TestSuiteA"/>
  <testcase name="testResetPasswordMailRecieved" time="35.629" classname="com.angloinfo.testsuites.TestSuiteA"/>
  <testcase name="testSignInViaEmail" time="64.149" classname="com.angloinfo.testsuites.TestSuiteA"/>
</testsuite> <!-- Regression1 -->
