<!DOCTYPE html PUBLIC "-//W3C//DTD XHTML 1.1//EN" "http://www.w3.org/TR/xhtml11/DTD/xhtml11.dtd">
<html xmlns="http://www.w3.org/1999/xhtml"><head><title>TestNG Report</title><style type="text/css">table {margin-bottom:10px;border-collapse:collapse;empty-cells:show}th,td {border:1px solid #009;padding:.25em .5em}th {vertical-align:bottom}td {vertical-align:top}table a {font-weight:bold}.stripe td {background-color: #E6EBF9}.num {text-align:right}.passedodd td {background-color: #3F3}.passedeven td {background-color: #0A0}.skippedodd td {background-color: #DDD}.skippedeven td {background-color: #CCC}.failedodd td,.attn {background-color: #F33}.failedeven td,.stripe .attn {background-color: #D00}.stacktrace {white-space:pre;font-family:monospace}.totop {font-size:85%;text-align:center;border-bottom:2px solid #000}</style></head><body><table><tr><th>Test</th><th># Passed</th><th># Skipped</th><th># Failed</th><th>Time (ms)</th><th>Included Groups</th><th>Excluded Groups</th></tr><tr><th colspan="7">AutoTestSuite2</th></tr><tr><td><a href="#t0">Regression2</a></td><td class="num">6</td><td class="num">0</td><td class="num attn">1</td><td class="num">143,040</td><td></td><td></td></tr></table><table><thead><tr><th>Class</th><th>Method</th><th>Start</th><th>Time (ms)</th></tr></thead><tbody><tr><th colspan="4">AutoTestSuite2</th></tr></tbody><tbody id="t0"><tr><th colspan="4">Regression2 &#8212; failed</th></tr><tr class="failedeven"><td rowspan="1">com.angloinfo.testsuites.TestSuiteA</td><td><a href="#m0">testLowerFooterLinks</a></td><td rowspan="1">1459944084570</td><td rowspan="1">3757</td></tr><tr><th colspan="4">Regression2 &#8212; passed</th></tr><tr class="passedeven"><td rowspan="6">com.angloinfo.testsuites.TestSuiteA</td><td><a href="#m1">testAddingDirectoryViaCMS</a></td><td rowspan="1">1459944011780</td><td rowspan="1">29024</td></tr><tr class="passedeven"><td><a href="#m2">testEnquiryButton</a></td><td rowspan="1">1459944040834</td><td rowspan="1">33885</td></tr><tr class="passedeven"><td><a href="#m3">testLocationSwitcher</a></td><td rowspan="1">1459944074721</td><td rowspan="1">9848</td></tr><tr class="passedeven"><td><a href="#m4">testRegisterUserViaApi</a></td><td rowspan="1">1459944088392</td><td rowspan="1">10568</td></tr><tr class="passedeven"><td><a href="#m5">testResetPasswordMailRecieved</a></td><td rowspan="1">1459944098961</td><td rowspan="1">18784</td></tr><tr class="passedeven"><td><a href="#m6">testSignInViaEmail</a></td><td rowspan="1">1459944117784</td><td rowspan="1">22738</td></tr></tbody></table><h2>Regression2</h2><h3 id="m0">com.angloinfo.testsuites.TestSuiteA#testLowerFooterLinks</h3><table class="result"><tr><th>Exception</th></tr><tr><td><div class="stacktrace">org.openqa.selenium.NoSuchElementException: Unable to locate element: {&quot;method&quot;:&quot;xpath&quot;,&quot;selector&quot;:&quot;//div[@id=&apos;footer-bottom&apos;]/div/div/a&quot;}
Command duration or timeout: 3.68 seconds
For documentation on this error, please visit: http://seleniumhq.org/exceptions/no_such_element.html
Build info: version: &apos;2.52.0&apos;, revision: &apos;4c2593c&apos;, time: &apos;2016-02-11 19:03:33&apos;
System info: host: &apos;PragManilas-MacBook.local&apos;, ip: &apos;192.168.1.8&apos;, os.name: &apos;Mac OS X&apos;, os.arch: &apos;x86_64&apos;, os.version: &apos;10.10&apos;, java.version: &apos;1.8.0_71&apos;
Driver info: org.openqa.selenium.firefox.FirefoxDriver
Capabilities [{applicationCacheEnabled=true, rotatable=false, handlesAlerts=true, databaseEnabled=true, version=45.0.1, platform=MAC, nativeEvents=false, acceptSslCerts=true, webStorageEnabled=true, locationContextEnabled=true, browserName=firefox, takesScreenshot=true, javascriptEnabled=true, cssSelectorsEnabled=true}]
Session ID: 767b898e-97d3-0b4a-8eaf-168cbaad0d08
*** Element info: {Using=xpath, value=//div[@id=&apos;footer-bottom&apos;]/div/div/a}
	at sun.reflect.NativeConstructorAccessorImpl.newInstance0(Native Method)
	at sun.reflect.NativeConstructorAccessorImpl.newInstance(NativeConstructorAccessorImpl.java:62)
	at sun.reflect.DelegatingConstructorAccessorImpl.newInstance(DelegatingConstructorAccessorImpl.java:45)
	at java.lang.reflect.Constructor.newInstance(Constructor.java:422)
	at org.openqa.selenium.remote.ErrorHandler.createThrowable(ErrorHandler.java:206)
	at org.openqa.selenium.remote.ErrorHandler.throwIfResponseFailed(ErrorHandler.java:158)
	at org.openqa.selenium.remote.RemoteWebDriver.execute(RemoteWebDriver.java:678)
	at org.openqa.selenium.remote.RemoteWebDriver.findElement(RemoteWebDriver.java:363)
	at org.openqa.selenium.remote.RemoteWebDriver.findElementByXPath(RemoteWebDriver.java:500)
	at org.openqa.selenium.By$ByXPath.findElement(By.java:361)
	at org.openqa.selenium.remote.RemoteWebDriver.findElement(RemoteWebDriver.java:355)
	at com.angloinfo.pageobjects.FELowerFooterSection.clickPrivacyPolicyLink(FELowerFooterSection.java:15)
	at com.angloinfo.testsuites.TestSuiteA.testLowerFooterLinks(TestSuiteA.java:152)
	at sun.reflect.NativeMethodAccessorImpl.invoke0(Native Method)
	at sun.reflect.NativeMethodAccessorImpl.invoke(NativeMethodAccessorImpl.java:62)
	at sun.reflect.DelegatingMethodAccessorImpl.invoke(DelegatingMethodAccessorImpl.java:43)
	at java.lang.reflect.Method.invoke(Method.java:497)
	at org.testng.internal.MethodInvocationHelper.invokeMethod(MethodInvocationHelper.java:86)
	at org.testng.internal.Invoker.invokeMethod(Invoker.java:645)
	at org.testng.internal.Invoker.invokeTestMethod(Invoker.java:822)
	at org.testng.internal.Invoker.invokeTestMethods(Invoker.java:1130)
	at org.testng.internal.TestMethodWorker.invokeTestMethods(TestMethodWorker.java:129)
	at org.testng.internal.TestMethodWorker.run(TestMethodWorker.java:112)
	at org.testng.TestRunner.privateRun(TestRunner.java:782)
	at org.testng.TestRunner.run(TestRunner.java:632)
	at org.testng.SuiteRunner.runTest(SuiteRunner.java:366)
	at org.testng.SuiteRunner.runSequentially(SuiteRunner.java:361)
	at org.testng.SuiteRunner.privateRun(SuiteRunner.java:319)
	at org.testng.SuiteRunner.run(SuiteRunner.java:268)
	at org.testng.SuiteRunnerWorker.runSuite(SuiteRunnerWorker.java:52)
	at org.testng.SuiteRunnerWorker.run(SuiteRunnerWorker.java:86)
	at org.testng.TestNG.runSuitesSequentially(TestNG.java:1244)
	at org.testng.TestNG.runSuitesLocally(TestNG.java:1169)
	at org.testng.TestNG.run(TestNG.java:1064)
	at org.testng.remote.RemoteTestNG.run(RemoteTestNG.java:113)
	at org.testng.remote.RemoteTestNG.initAndRun(RemoteTestNG.java:206)
	at org.testng.remote.RemoteTestNG.main(RemoteTestNG.java:177)
Caused by: org.openqa.selenium.NoSuchElementException: Unable to locate element: {&quot;method&quot;:&quot;xpath&quot;,&quot;selector&quot;:&quot;//div[@id=&apos;footer-bottom&apos;]/div/div/a&quot;}
For documentation on this error, please visit: http://seleniumhq.org/exceptions/no_such_element.html
Build info: version: &apos;2.52.0&apos;, revision: &apos;4c2593c&apos;, time: &apos;2016-02-11 19:03:33&apos;
System info: host: &apos;PragManilas-MacBook.local&apos;, ip: &apos;192.168.1.8&apos;, os.name: &apos;Mac OS X&apos;, os.arch: &apos;x86_64&apos;, os.version: &apos;10.10&apos;, java.version: &apos;1.8.0_71&apos;
Driver info: driver.version: unknown
	at &lt;anonymous class&gt;.FirefoxDriver.prototype.findElementInternal_(file:///var/folders/4f/6wbw2fxn1f76by0sq6zjrs3c0000gp/T/anonymous6661753914944224664webdriver-profile/extensions/fxdriver@googlecode.com/components/driver-component.js:10723)
	at &lt;anonymous class&gt;.FirefoxDriver.prototype.findElement(file:///var/folders/4f/6wbw2fxn1f76by0sq6zjrs3c0000gp/T/anonymous6661753914944224664webdriver-profile/extensions/fxdriver@googlecode.com/components/driver-component.js:10732)
	at &lt;anonymous class&gt;.DelayedCommand.prototype.executeInternal_/h(file:///var/folders/4f/6wbw2fxn1f76by0sq6zjrs3c0000gp/T/anonymous6661753914944224664webdriver-profile/extensions/fxdriver@googlecode.com/components/command-processor.js:12614)
	at &lt;anonymous class&gt;.DelayedCommand.prototype.executeInternal_(file:///var/folders/4f/6wbw2fxn1f76by0sq6zjrs3c0000gp/T/anonymous6661753914944224664webdriver-profile/extensions/fxdriver@googlecode.com/components/command-processor.js:12619)
	at &lt;anonymous class&gt;.DelayedCommand.prototype.execute/&lt;(file:///var/folders/4f/6wbw2fxn1f76by0sq6zjrs3c0000gp/T/anonymous6661753914944224664webdriver-profile/extensions/fxdriver@googlecode.com/components/command-processor.js:12561)
</div></td></tr></table><p class="totop"><a href="#summary">back to summary</a></p><h3 id="m1">com.angloinfo.testsuites.TestSuiteA#testAddingDirectoryViaCMS</h3><table class="result"><tr class="param"><th>Parameter #1</th></tr><tr class="param stripe"><td>com.angloinfo.data.DirectoryListing@55b8dbda</td></tr></table><p class="totop"><a href="#summary">back to summary</a></p><h3 id="m2">com.angloinfo.testsuites.TestSuiteA#testEnquiryButton</h3><table class="result"></table><p class="totop"><a href="#summary">back to summary</a></p><h3 id="m3">com.angloinfo.testsuites.TestSuiteA#testLocationSwitcher</h3><table class="result"></table><p class="totop"><a href="#summary">back to summary</a></p><h3 id="m4">com.angloinfo.testsuites.TestSuiteA#testRegisterUserViaApi</h3><table class="result"><tr class="param"><th>Parameter #1</th></tr><tr class="param stripe"><td>com.angloinfo.data.Member@8ed9cf</td></tr></table><p class="totop"><a href="#summary">back to summary</a></p><h3 id="m5">com.angloinfo.testsuites.TestSuiteA#testResetPasswordMailRecieved</h3><table class="result"></table><p class="totop"><a href="#summary">back to summary</a></p><h3 id="m6">com.angloinfo.testsuites.TestSuiteA#testSignInViaEmail</h3><table class="result"><tr><th>Messages</th></tr><tr><td><div class="messages">succesfull login</div></td></tr></table><p class="totop"><a href="#summary">back to summary</a></p></body></html>